2025-10-18 22:03:07.862 +02:00 [INF] User profile is available. Using 'C:\Users\artur\AppData\Local\ASP.NET\DataProtection-Keys' as key repository and Windows DPAPI to encrypt keys at rest.
2025-10-18 22:03:08.020 +02:00 [INF] Now listening on: https://localhost:7278
2025-10-18 22:03:08.023 +02:00 [INF] Now listening on: http://localhost:5282
2025-10-18 22:03:08.029 +02:00 [INF] Application started. Press Ctrl+C to shut down.
2025-10-18 22:03:08.031 +02:00 [INF] Hosting environment: Development
2025-10-18 22:03:08.034 +02:00 [INF] Content root path: C:\Users\artur\dev\app-ointment-backend
2025-10-18 22:03:08.427 +02:00 [INF] Request starting HTTP/1.1 GET http://localhost:5282/ - null null
2025-10-18 22:03:08.458 +02:00 [INF] Request finished HTTP/1.1 GET http://localhost:5282/ - 307 0 null 31.9123ms
2025-10-18 22:03:08.498 +02:00 [INF] Request starting HTTP/2 GET https://localhost:7278/ - null null
2025-10-18 22:03:08.516 +02:00 [INF] Executing endpoint 'app_ointment_backend.Controllers.HomeController.Index (app-ointment-backend)'
2025-10-18 22:03:08.529 +02:00 [INF] Route matched with {action = "Index", controller = "Home"}. Executing controller action with signature Microsoft.AspNetCore.Mvc.IActionResult Index() on controller app_ointment_backend.Controllers.HomeController (app-ointment-backend).
2025-10-18 22:03:08.540 +02:00 [INF] Executing ViewResult, running view Index.
2025-10-18 22:03:08.593 +02:00 [INF] Executed ViewResult - view Index executed in 56.6884ms.
2025-10-18 22:03:08.593 +02:00 [INF] Executed action app_ointment_backend.Controllers.HomeController.Index (app-ointment-backend) in 63.3575ms
2025-10-18 22:03:08.593 +02:00 [INF] Executed endpoint 'app_ointment_backend.Controllers.HomeController.Index (app-ointment-backend)'
2025-10-18 22:03:08.595 +02:00 [INF] Request finished HTTP/2 GET https://localhost:7278/ - 200 null text/html; charset=utf-8 96.5636ms
2025-10-18 22:03:10.838 +02:00 [INF] Request starting HTTP/2 GET https://localhost:7278/Appointment/Table - null null
2025-10-18 22:03:10.842 +02:00 [INF] Executing endpoint 'app_ointment_backend.Controllers.AppointmentController.Table (app-ointment-backend)'
2025-10-18 22:03:10.849 +02:00 [INF] Route matched with {action = "Table", controller = "Appointment"}. Executing controller action with signature System.Threading.Tasks.Task`1[Microsoft.AspNetCore.Mvc.IActionResult] Table() on controller app_ointment_backend.Controllers.AppointmentController (app-ointment-backend).
2025-10-18 22:03:11.038 +02:00 [INF] Executing ViewResult, running view Table.
2025-10-18 22:03:11.097 +02:00 [INF] Executed ViewResult - view Table executed in 58.7675ms.
2025-10-18 22:03:11.097 +02:00 [INF] Executed action app_ointment_backend.Controllers.AppointmentController.Table (app-ointment-backend) in 248.1668ms
2025-10-18 22:03:11.097 +02:00 [INF] Executed endpoint 'app_ointment_backend.Controllers.AppointmentController.Table (app-ointment-backend)'
2025-10-18 22:03:11.100 +02:00 [INF] Request finished HTTP/2 GET https://localhost:7278/Appointment/Table - 200 null text/html; charset=utf-8 261.7649ms
2025-10-18 22:03:14.953 +02:00 [INF] Request starting HTTP/2 GET https://localhost:7278/Appointment/Update/6 - null null
2025-10-18 22:03:14.957 +02:00 [INF] Executing endpoint 'app_ointment_backend.Controllers.AppointmentController.Update (app-ointment-backend)'
2025-10-18 22:03:14.978 +02:00 [INF] Route matched with {action = "Update", controller = "Appointment"}. Executing controller action with signature System.Threading.Tasks.Task`1[Microsoft.AspNetCore.Mvc.IActionResult] Update(Int32) on controller app_ointment_backend.Controllers.AppointmentController (app-ointment-backend).
2025-10-18 22:03:15.309 +02:00 [INF] Executing ViewResult, running view Update.
2025-10-18 22:03:15.437 +02:00 [INF] Executed ViewResult - view Update executed in 129.4563ms.
2025-10-18 22:03:15.452 +02:00 [INF] Executed action app_ointment_backend.Controllers.AppointmentController.Update (app-ointment-backend) in 473.7951ms
2025-10-18 22:03:15.454 +02:00 [INF] Executed endpoint 'app_ointment_backend.Controllers.AppointmentController.Update (app-ointment-backend)'
2025-10-18 22:03:15.463 +02:00 [INF] Request finished HTTP/2 GET https://localhost:7278/Appointment/Update/6 - 200 null text/html; charset=utf-8 509.8802ms
2025-10-18 22:03:21.261 +02:00 [INF] Request starting HTTP/2 POST https://localhost:7278/Appointment/Update/6 - application/x-www-form-urlencoded 274
2025-10-18 22:03:21.262 +02:00 [INF] Executing endpoint 'app_ointment_backend.Controllers.AppointmentController.Update (app-ointment-backend)'
2025-10-18 22:03:21.287 +02:00 [INF] Route matched with {action = "Update", controller = "Appointment"}. Executing controller action with signature System.Threading.Tasks.Task`1[Microsoft.AspNetCore.Mvc.IActionResult] Update(app_ointment_backend.Models.Appointment) on controller app_ointment_backend.Controllers.AppointmentController (app-ointment-backend).
2025-10-18 22:03:21.367 +02:00 [INF] Executing ViewResult, running view Update.
2025-10-18 22:03:21.386 +02:00 [INF] Executed ViewResult - view Update executed in 18.8373ms.
2025-10-18 22:03:21.387 +02:00 [INF] Executed action app_ointment_backend.Controllers.AppointmentController.Update (app-ointment-backend) in 99.5371ms
2025-10-18 22:03:21.387 +02:00 [INF] Executed endpoint 'app_ointment_backend.Controllers.AppointmentController.Update (app-ointment-backend)'
2025-10-18 22:03:21.388 +02:00 [INF] Request finished HTTP/2 POST https://localhost:7278/Appointment/Update/6 - 200 null text/html; charset=utf-8 126.7052ms
2025-10-18 22:03:43.229 +02:00 [INF] Request starting HTTP/2 GET https://localhost:7278/User/Table - null null
2025-10-18 22:03:43.229 +02:00 [INF] Executing endpoint 'app_ointment_backend.Controllers.UserController.Table (app-ointment-backend)'
2025-10-18 22:03:43.233 +02:00 [INF] Route matched with {action = "Table", controller = "User"}. Executing controller action with signature System.Threading.Tasks.Task`1[Microsoft.AspNetCore.Mvc.IActionResult] Table() on controller app_ointment_backend.Controllers.UserController (app-ointment-backend).
2025-10-18 22:03:43.261 +02:00 [INF] Executing ViewResult, running view Table.
2025-10-18 22:03:43.270 +02:00 [INF] Executed ViewResult - view Table executed in 9.047ms.
2025-10-18 22:03:43.270 +02:00 [INF] Executed action app_ointment_backend.Controllers.UserController.Table (app-ointment-backend) in 36.8009ms
2025-10-18 22:03:43.270 +02:00 [INF] Executed endpoint 'app_ointment_backend.Controllers.UserController.Table (app-ointment-backend)'
2025-10-18 22:03:43.272 +02:00 [INF] Request finished HTTP/2 GET https://localhost:7278/User/Table - 200 null text/html; charset=utf-8 43.0479ms
2025-10-18 22:03:45.588 +02:00 [INF] Request starting HTTP/2 GET https://localhost:7278/User/Update/7 - null null
2025-10-18 22:03:45.590 +02:00 [INF] Executing endpoint 'app_ointment_backend.Controllers.UserController.Update (app-ointment-backend)'
2025-10-18 22:03:45.593 +02:00 [INF] Route matched with {action = "Update", controller = "User"}. Executing controller action with signature System.Threading.Tasks.Task`1[Microsoft.AspNetCore.Mvc.IActionResult] Update(Int32) on controller app_ointment_backend.Controllers.UserController (app-ointment-backend).
2025-10-18 22:03:45.609 +02:00 [INF] Executing ViewResult, running view Update.
2025-10-18 22:03:45.624 +02:00 [INF] Executed ViewResult - view Update executed in 15.85ms.
2025-10-18 22:03:45.624 +02:00 [INF] Executed action app_ointment_backend.Controllers.UserController.Update (app-ointment-backend) in 31.2362ms
2025-10-18 22:03:45.624 +02:00 [INF] Executed endpoint 'app_ointment_backend.Controllers.UserController.Update (app-ointment-backend)'
2025-10-18 22:03:45.624 +02:00 [INF] Request finished HTTP/2 GET https://localhost:7278/User/Update/7 - 200 null text/html; charset=utf-8 36.149ms
2025-10-18 22:03:50.621 +02:00 [INF] Request starting HTTP/2 POST https://localhost:7278/User/Update/7 - application/x-www-form-urlencoded 255
2025-10-18 22:03:50.622 +02:00 [INF] Executing endpoint 'app_ointment_backend.Controllers.UserController.Update (app-ointment-backend)'
2025-10-18 22:03:50.631 +02:00 [INF] Route matched with {action = "Update", controller = "User"}. Executing controller action with signature System.Threading.Tasks.Task`1[Microsoft.AspNetCore.Mvc.IActionResult] Update(app_ointment_backend.Models.User) on controller app_ointment_backend.Controllers.UserController (app-ointment-backend).
2025-10-18 22:03:50.667 +02:00 [WRN] [UserController] User Update failed {"UserId":7,"Name":"Bober","Role":"Client","Adress":null,"Phone":"46464646","Email":"mail@bydle.com","ImageUrl":null,"$type":"User"}
2025-10-18 22:03:50.671 +02:00 [INF] Executing ViewResult, running view Update.
2025-10-18 22:03:50.682 +02:00 [INF] Executed ViewResult - view Update executed in 10.7939ms.
2025-10-18 22:03:50.682 +02:00 [INF] Executed action app_ointment_backend.Controllers.UserController.Update (app-ointment-backend) in 50.5326ms
2025-10-18 22:03:50.682 +02:00 [INF] Executed endpoint 'app_ointment_backend.Controllers.UserController.Update (app-ointment-backend)'
2025-10-18 22:03:50.682 +02:00 [INF] Request finished HTTP/2 POST https://localhost:7278/User/Update/7 - 200 null text/html; charset=utf-8 60.669ms
2025-10-18 22:04:10.944 +02:00 [INF] Request starting HTTP/2 GET https://localhost:7278/User/Table - null null
2025-10-18 22:04:10.945 +02:00 [INF] Executing endpoint 'app_ointment_backend.Controllers.UserController.Table (app-ointment-backend)'
2025-10-18 22:04:10.948 +02:00 [INF] Route matched with {action = "Table", controller = "User"}. Executing controller action with signature System.Threading.Tasks.Task`1[Microsoft.AspNetCore.Mvc.IActionResult] Table() on controller app_ointment_backend.Controllers.UserController (app-ointment-backend).
2025-10-18 22:04:10.963 +02:00 [INF] Executing ViewResult, running view Table.
2025-10-18 22:04:10.973 +02:00 [INF] Executed ViewResult - view Table executed in 9.4394ms.
2025-10-18 22:04:10.973 +02:00 [INF] Executed action app_ointment_backend.Controllers.UserController.Table (app-ointment-backend) in 24.4792ms
2025-10-18 22:04:10.973 +02:00 [INF] Executed endpoint 'app_ointment_backend.Controllers.UserController.Table (app-ointment-backend)'
2025-10-18 22:04:10.973 +02:00 [INF] Request finished HTTP/2 GET https://localhost:7278/User/Table - 200 null text/html; charset=utf-8 28.6598ms
