2025-10-18 15:53:18.394 +02:00 [INF] User profile is available. Using 'C:\Users\artur\AppData\Local\ASP.NET\DataProtection-Keys' as key repository and Windows DPAPI to encrypt keys at rest.
2025-10-18 15:53:18.529 +02:00 [INF] Now listening on: https://localhost:7278
2025-10-18 15:53:18.532 +02:00 [INF] Now listening on: http://localhost:5282
2025-10-18 15:53:18.540 +02:00 [INF] Application started. Press Ctrl+C to shut down.
2025-10-18 15:53:18.542 +02:00 [INF] Hosting environment: Development
2025-10-18 15:53:18.545 +02:00 [INF] Content root path: C:\Users\artur\dev\app-ointment-backend
2025-10-18 15:53:18.620 +02:00 [INF] Request starting HTTP/1.1 GET http://localhost:5282/ - null null
2025-10-18 15:53:18.659 +02:00 [INF] Request finished HTTP/1.1 GET http://localhost:5282/ - 307 0 null 32.0828ms
2025-10-18 15:53:18.704 +02:00 [INF] Request starting HTTP/2 GET https://localhost:7278/ - null null
2025-10-18 15:53:18.723 +02:00 [INF] Executing endpoint 'app_ointment_backend.Controllers.HomeController.Index (app-ointment-backend)'
2025-10-18 15:53:18.736 +02:00 [INF] Route matched with {action = "Index", controller = "Home"}. Executing controller action with signature Microsoft.AspNetCore.Mvc.IActionResult Index() on controller app_ointment_backend.Controllers.HomeController (app-ointment-backend).
2025-10-18 15:53:18.745 +02:00 [INF] Executing ViewResult, running view Index.
2025-10-18 15:53:18.806 +02:00 [INF] Executed ViewResult - view Index executed in 52.5334ms.
2025-10-18 15:53:18.807 +02:00 [INF] Executed action app_ointment_backend.Controllers.HomeController.Index (app-ointment-backend) in 70.6157ms
2025-10-18 15:53:18.808 +02:00 [INF] Executed endpoint 'app_ointment_backend.Controllers.HomeController.Index (app-ointment-backend)'
2025-10-18 15:53:18.810 +02:00 [INF] Request finished HTTP/2 GET https://localhost:7278/ - 200 null text/html; charset=utf-8 106.4908ms
2025-10-18 15:53:25.042 +02:00 [INF] Request starting HTTP/2 GET https://localhost:7278/Appointment/Table - null null
2025-10-18 15:53:25.046 +02:00 [INF] Executing endpoint 'app_ointment_backend.Controllers.AppointmentController.Table (app-ointment-backend)'
2025-10-18 15:53:25.054 +02:00 [INF] Route matched with {action = "Table", controller = "Appointment"}. Executing controller action with signature System.Threading.Tasks.Task`1[Microsoft.AspNetCore.Mvc.IActionResult] Table() on controller app_ointment_backend.Controllers.AppointmentController (app-ointment-backend).
2025-10-18 15:53:25.508 +02:00 [INF] Executing ViewResult, running view Table.
2025-10-18 15:53:25.638 +02:00 [INF] Executed ViewResult - view Table executed in 131.5374ms.
2025-10-18 15:53:25.648 +02:00 [INF] Executed action app_ointment_backend.Controllers.AppointmentController.Table (app-ointment-backend) in 593.688ms
2025-10-18 15:53:25.649 +02:00 [INF] Executed endpoint 'app_ointment_backend.Controllers.AppointmentController.Table (app-ointment-backend)'
2025-10-18 15:53:25.660 +02:00 [INF] Request finished HTTP/2 GET https://localhost:7278/Appointment/Table - 200 null text/html; charset=utf-8 618.3569ms
2025-10-18 15:54:06.354 +02:00 [INF] Request starting HTTP/2 GET https://localhost:7278/User/Table - null null
2025-10-18 15:54:06.364 +02:00 [INF] Executing endpoint 'app_ointment_backend.Controllers.UserController.Table (app-ointment-backend)'
2025-10-18 15:54:06.372 +02:00 [INF] Route matched with {action = "Table", controller = "User"}. Executing controller action with signature System.Threading.Tasks.Task`1[Microsoft.AspNetCore.Mvc.IActionResult] Table() on controller app_ointment_backend.Controllers.UserController (app-ointment-backend).
2025-10-18 15:54:06.380 +02:00 [INF] This is an information message
2025-10-18 15:54:06.392 +02:00 [WRN] This is a warning message
2025-10-18 15:54:06.395 +02:00 [ERR] This is an error message
2025-10-18 15:54:06.606 +02:00 [INF] Executing ViewResult, running view Table.
2025-10-18 15:54:06.633 +02:00 [INF] Executed ViewResult - view Table executed in 28.2639ms.
2025-10-18 15:54:06.633 +02:00 [INF] Executed action app_ointment_backend.Controllers.UserController.Table (app-ointment-backend) in 260.6466ms
2025-10-18 15:54:06.637 +02:00 [INF] Executed endpoint 'app_ointment_backend.Controllers.UserController.Table (app-ointment-backend)'
2025-10-18 15:54:06.651 +02:00 [INF] Request finished HTTP/2 GET https://localhost:7278/User/Table - 200 null text/html; charset=utf-8 297.5401ms
