2025-10-18 15:44:38.074 +02:00 [INF] Executed DbCommand (10ms) [Parameters=[], CommandType='"Text"', CommandTimeout='30']
SELECT EXISTS (
    SELECT 1
    FROM "Users" AS "u")
2025-10-18 15:44:38.105 +02:00 [INF] Executed DbCommand (0ms) [Parameters=[], CommandType='"Text"', CommandTimeout='30']
SELECT EXISTS (
    SELECT 1
    FROM "Appointments" AS "a")
2025-10-18 15:44:38.230 +02:00 [INF] User profile is available. Using 'C:\Users\artur\AppData\Local\ASP.NET\DataProtection-Keys' as key repository and Windows DPAPI to encrypt keys at rest.
2025-10-18 15:44:38.364 +02:00 [INF] Now listening on: https://localhost:7278
2025-10-18 15:44:38.367 +02:00 [INF] Now listening on: http://localhost:5282
2025-10-18 15:44:38.374 +02:00 [INF] Application started. Press Ctrl+C to shut down.
2025-10-18 15:44:38.376 +02:00 [INF] Hosting environment: Development
2025-10-18 15:44:38.378 +02:00 [INF] Content root path: C:\Users\artur\dev\app-ointment-backend
2025-10-18 15:44:38.462 +02:00 [INF] Request starting HTTP/1.1 GET http://localhost:5282/ - null null
2025-10-18 15:44:38.487 +02:00 [INF] Request finished HTTP/1.1 GET http://localhost:5282/ - 307 0 null 26.7649ms
2025-10-18 15:44:38.561 +02:00 [INF] Request starting HTTP/2 GET https://localhost:7278/ - null null
2025-10-18 15:44:38.574 +02:00 [INF] Executing endpoint 'app_ointment_backend.Controllers.HomeController.Index (app-ointment-backend)'
2025-10-18 15:44:38.584 +02:00 [INF] Route matched with {action = "Index", controller = "Home"}. Executing controller action with signature Microsoft.AspNetCore.Mvc.IActionResult Index() on controller app_ointment_backend.Controllers.HomeController (app-ointment-backend).
2025-10-18 15:44:38.593 +02:00 [INF] Executing ViewResult, running view Index.
2025-10-18 15:44:38.647 +02:00 [INF] Executed ViewResult - view Index executed in 48.5578ms.
2025-10-18 15:44:38.648 +02:00 [INF] Executed action app_ointment_backend.Controllers.HomeController.Index (app-ointment-backend) in 62.3994ms
2025-10-18 15:44:38.648 +02:00 [INF] Executed endpoint 'app_ointment_backend.Controllers.HomeController.Index (app-ointment-backend)'
2025-10-18 15:44:38.650 +02:00 [INF] Request finished HTTP/2 GET https://localhost:7278/ - 200 null text/html; charset=utf-8 89.0995ms
2025-10-18 15:44:40.479 +02:00 [INF] Request starting HTTP/2 GET https://localhost:7278/Appointment/Table - null null
2025-10-18 15:44:40.483 +02:00 [INF] Executing endpoint 'app_ointment_backend.Controllers.AppointmentController.Table (app-ointment-backend)'
2025-10-18 15:44:40.487 +02:00 [INF] Route matched with {action = "Table", controller = "Appointment"}. Executing controller action with signature System.Threading.Tasks.Task`1[Microsoft.AspNetCore.Mvc.IActionResult] Table() on controller app_ointment_backend.Controllers.AppointmentController (app-ointment-backend).
2025-10-18 15:44:40.662 +02:00 [INF] Executed DbCommand (1ms) [Parameters=[], CommandType='"Text"', CommandTimeout='30']
SELECT "a"."AppointmentId", "a"."CaregiverId", "a"."ClientId", "a"."Date", "a"."Location", "u"."UserId", "u"."Adress", "u"."Discriminator", "u"."Email", "u"."ImageUrl", "u"."Name", "u"."Phone", "u"."Role", "u"."CaregiverId", "u"."ClientId", "u0"."UserId", "u0"."Adress", "u0"."Discriminator", "u0"."Email", "u0"."ImageUrl", "u0"."Name", "u0"."Phone", "u0"."Role", "u0"."CaregiverId", "u0"."ClientId"
FROM "Appointments" AS "a"
INNER JOIN "Users" AS "u" ON "a"."ClientId" = "u"."UserId"
INNER JOIN "Users" AS "u0" ON "a"."CaregiverId" = "u0"."UserId"
2025-10-18 15:44:40.686 +02:00 [INF] Executing ViewResult, running view Table.
2025-10-18 15:44:40.743 +02:00 [INF] Executed ViewResult - view Table executed in 57.149ms.
2025-10-18 15:44:40.743 +02:00 [INF] Executed action app_ointment_backend.Controllers.AppointmentController.Table (app-ointment-backend) in 256.1639ms
2025-10-18 15:44:40.744 +02:00 [INF] Executed endpoint 'app_ointment_backend.Controllers.AppointmentController.Table (app-ointment-backend)'
2025-10-18 15:44:40.746 +02:00 [INF] Request finished HTTP/2 GET https://localhost:7278/Appointment/Table - 200 null text/html; charset=utf-8 266.9876ms
2025-10-18 15:45:51.953 +02:00 [INF] Request starting HTTP/2 GET https://localhost:7278/Appointment/Create - null null
2025-10-18 15:45:51.959 +02:00 [INF] Executing endpoint 'app_ointment_backend.Controllers.AppointmentController.Create (app-ointment-backend)'
2025-10-18 15:45:51.971 +02:00 [INF] Route matched with {action = "Create", controller = "Appointment"}. Executing controller action with signature Microsoft.AspNetCore.Mvc.IActionResult Create() on controller app_ointment_backend.Controllers.AppointmentController (app-ointment-backend).
2025-10-18 15:45:52.039 +02:00 [INF] Executed DbCommand (0ms) [Parameters=[], CommandType='"Text"', CommandTimeout='30']
SELECT "u"."UserId", "u"."Name"
FROM "Users" AS "u"
WHERE "u"."Role" = 1
2025-10-18 15:45:52.048 +02:00 [INF] Executed DbCommand (0ms) [Parameters=[], CommandType='"Text"', CommandTimeout='30']
SELECT "u"."UserId", "u"."Name"
FROM "Users" AS "u"
WHERE "u"."Role" = 2
2025-10-18 15:45:52.050 +02:00 [INF] Executing ViewResult, running view Create.
2025-10-18 15:45:52.095 +02:00 [INF] Executed ViewResult - view Create executed in 45.0878ms.
2025-10-18 15:45:52.099 +02:00 [INF] Executed action app_ointment_backend.Controllers.AppointmentController.Create (app-ointment-backend) in 128.2355ms
2025-10-18 15:45:52.100 +02:00 [INF] Executed endpoint 'app_ointment_backend.Controllers.AppointmentController.Create (app-ointment-backend)'
2025-10-18 15:45:52.102 +02:00 [INF] Request finished HTTP/2 GET https://localhost:7278/Appointment/Create - 200 null text/html; charset=utf-8 149.2978ms
2025-10-18 15:46:06.159 +02:00 [INF] Request starting HTTP/2 POST https://localhost:7278/Appointment/Create - application/x-www-form-urlencoded 263
2025-10-18 15:46:06.160 +02:00 [INF] Executing endpoint 'app_ointment_backend.Controllers.AppointmentController.Create (app-ointment-backend)'
2025-10-18 15:46:06.179 +02:00 [INF] Route matched with {action = "Create", controller = "Appointment"}. Executing controller action with signature System.Threading.Tasks.Task`1[Microsoft.AspNetCore.Mvc.IActionResult] Create(app_ointment_backend.Models.Appointment) on controller app_ointment_backend.Controllers.AppointmentController (app-ointment-backend).
2025-10-18 15:46:06.245 +02:00 [INF] Executed DbCommand (3ms) [Parameters=[@__appointment_CaregiverId_0='?' (DbType = Int32)], CommandType='"Text"', CommandTimeout='30']
SELECT EXISTS (
    SELECT 1
    FROM "Users" AS "u"
    WHERE "u"."UserId" = @__appointment_CaregiverId_0 AND "u"."Role" = 1)
2025-10-18 15:46:06.253 +02:00 [INF] Executed DbCommand (0ms) [Parameters=[@__appointment_ClientId_0='?' (DbType = Int32)], CommandType='"Text"', CommandTimeout='30']
SELECT EXISTS (
    SELECT 1
    FROM "Users" AS "u"
    WHERE "u"."UserId" = @__appointment_ClientId_0 AND "u"."Role" = 2)
2025-10-18 15:46:06.399 +02:00 [INF] Executed DbCommand (2ms) [Parameters=[@p0='?' (DbType = Int32), @p1='?' (DbType = Int32), @p2='?' (DbType = DateTime), @p3='?' (Size = 5)], CommandType='"Text"', CommandTimeout='30']
INSERT INTO "Appointments" ("CaregiverId", "ClientId", "Date", "Location")
VALUES (@p0, @p1, @p2, @p3)
RETURNING "AppointmentId";
2025-10-18 15:46:06.424 +02:00 [INF] Executing RedirectResult, redirecting to /Appointment/Table.
2025-10-18 15:46:06.425 +02:00 [INF] Executed action app_ointment_backend.Controllers.AppointmentController.Create (app-ointment-backend) in 245.6287ms
2025-10-18 15:46:06.425 +02:00 [INF] Executed endpoint 'app_ointment_backend.Controllers.AppointmentController.Create (app-ointment-backend)'
2025-10-18 15:46:06.425 +02:00 [INF] Request finished HTTP/2 POST https://localhost:7278/Appointment/Create - 302 0 null 265.9835ms
2025-10-18 15:46:06.428 +02:00 [INF] Request starting HTTP/2 GET https://localhost:7278/Appointment/Table - null null
2025-10-18 15:46:06.428 +02:00 [INF] Executing endpoint 'app_ointment_backend.Controllers.AppointmentController.Table (app-ointment-backend)'
2025-10-18 15:46:06.429 +02:00 [INF] Route matched with {action = "Table", controller = "Appointment"}. Executing controller action with signature System.Threading.Tasks.Task`1[Microsoft.AspNetCore.Mvc.IActionResult] Table() on controller app_ointment_backend.Controllers.AppointmentController (app-ointment-backend).
2025-10-18 15:46:06.436 +02:00 [INF] Executed DbCommand (0ms) [Parameters=[], CommandType='"Text"', CommandTimeout='30']
SELECT "a"."AppointmentId", "a"."CaregiverId", "a"."ClientId", "a"."Date", "a"."Location", "u"."UserId", "u"."Adress", "u"."Discriminator", "u"."Email", "u"."ImageUrl", "u"."Name", "u"."Phone", "u"."Role", "u"."CaregiverId", "u"."ClientId", "u0"."UserId", "u0"."Adress", "u0"."Discriminator", "u0"."Email", "u0"."ImageUrl", "u0"."Name", "u0"."Phone", "u0"."Role", "u0"."CaregiverId", "u0"."ClientId"
FROM "Appointments" AS "a"
INNER JOIN "Users" AS "u" ON "a"."ClientId" = "u"."UserId"
INNER JOIN "Users" AS "u0" ON "a"."CaregiverId" = "u0"."UserId"
2025-10-18 15:46:06.437 +02:00 [INF] Executing ViewResult, running view Table.
2025-10-18 15:46:06.440 +02:00 [INF] Executed ViewResult - view Table executed in 2.7096ms.
2025-10-18 15:46:06.441 +02:00 [INF] Executed action app_ointment_backend.Controllers.AppointmentController.Table (app-ointment-backend) in 12.0877ms
2025-10-18 15:46:06.441 +02:00 [INF] Executed endpoint 'app_ointment_backend.Controllers.AppointmentController.Table (app-ointment-backend)'
2025-10-18 15:46:06.441 +02:00 [INF] Request finished HTTP/2 GET https://localhost:7278/Appointment/Table - 200 null text/html; charset=utf-8 13.396ms
2025-10-18 15:46:21.363 +02:00 [INF] Request starting HTTP/2 GET https://localhost:7278/Appointment/Delete/10 - null null
2025-10-18 15:46:21.365 +02:00 [INF] Executing endpoint 'app_ointment_backend.Controllers.AppointmentController.Delete (app-ointment-backend)'
2025-10-18 15:46:21.370 +02:00 [INF] Route matched with {action = "Delete", controller = "Appointment"}. Executing controller action with signature System.Threading.Tasks.Task`1[Microsoft.AspNetCore.Mvc.IActionResult] Delete(Int32) on controller app_ointment_backend.Controllers.AppointmentController (app-ointment-backend).
2025-10-18 15:46:21.400 +02:00 [INF] Executed DbCommand (0ms) [Parameters=[@__p_0='?' (DbType = Int32)], CommandType='"Text"', CommandTimeout='30']
SELECT "a"."AppointmentId", "a"."CaregiverId", "a"."ClientId", "a"."Date", "a"."Location"
FROM "Appointments" AS "a"
WHERE "a"."AppointmentId" = @__p_0
LIMIT 1
2025-10-18 15:46:21.402 +02:00 [INF] Executing ViewResult, running view Delete.
2025-10-18 15:46:21.407 +02:00 [INF] Executed ViewResult - view Delete executed in 4.9168ms.
2025-10-18 15:46:21.407 +02:00 [INF] Executed action app_ointment_backend.Controllers.AppointmentController.Delete (app-ointment-backend) in 37.0893ms
2025-10-18 15:46:21.407 +02:00 [INF] Executed endpoint 'app_ointment_backend.Controllers.AppointmentController.Delete (app-ointment-backend)'
2025-10-18 15:46:21.407 +02:00 [INF] Request finished HTTP/2 GET https://localhost:7278/Appointment/Delete/10 - 200 null text/html; charset=utf-8 44.2806ms
2025-10-18 15:46:23.093 +02:00 [INF] Request starting HTTP/2 POST https://localhost:7278/Appointment/DeleteConfirmed/10 - application/x-www-form-urlencoded 182
2025-10-18 15:46:23.094 +02:00 [INF] Executing endpoint 'app_ointment_backend.Controllers.AppointmentController.DeleteConfirmed (app-ointment-backend)'
2025-10-18 15:46:23.096 +02:00 [INF] Route matched with {action = "DeleteConfirmed", controller = "Appointment"}. Executing controller action with signature System.Threading.Tasks.Task`1[Microsoft.AspNetCore.Mvc.IActionResult] DeleteConfirmed(Int32) on controller app_ointment_backend.Controllers.AppointmentController (app-ointment-backend).
2025-10-18 15:46:23.105 +02:00 [INF] Executed DbCommand (0ms) [Parameters=[@__p_0='?' (DbType = Int32)], CommandType='"Text"', CommandTimeout='30']
SELECT "a"."AppointmentId", "a"."CaregiverId", "a"."ClientId", "a"."Date", "a"."Location"
FROM "Appointments" AS "a"
WHERE "a"."AppointmentId" = @__p_0
LIMIT 1
2025-10-18 15:46:23.112 +02:00 [INF] Executed DbCommand (0ms) [Parameters=[@p0='?' (DbType = Int32)], CommandType='"Text"', CommandTimeout='30']
DELETE FROM "Appointments"
WHERE "AppointmentId" = @p0
RETURNING 1;
2025-10-18 15:46:23.115 +02:00 [INF] Executing RedirectResult, redirecting to /Appointment/Table.
2025-10-18 15:46:23.116 +02:00 [INF] Executed action app_ointment_backend.Controllers.AppointmentController.DeleteConfirmed (app-ointment-backend) in 19.0821ms
2025-10-18 15:46:23.116 +02:00 [INF] Executed endpoint 'app_ointment_backend.Controllers.AppointmentController.DeleteConfirmed (app-ointment-backend)'
2025-10-18 15:46:23.116 +02:00 [INF] Request finished HTTP/2 POST https://localhost:7278/Appointment/DeleteConfirmed/10 - 302 0 null 23.0828ms
2025-10-18 15:46:23.118 +02:00 [INF] Request starting HTTP/2 GET https://localhost:7278/Appointment/Table - null null
2025-10-18 15:46:23.118 +02:00 [INF] Executing endpoint 'app_ointment_backend.Controllers.AppointmentController.Table (app-ointment-backend)'
2025-10-18 15:46:23.119 +02:00 [INF] Route matched with {action = "Table", controller = "Appointment"}. Executing controller action with signature System.Threading.Tasks.Task`1[Microsoft.AspNetCore.Mvc.IActionResult] Table() on controller app_ointment_backend.Controllers.AppointmentController (app-ointment-backend).
2025-10-18 15:46:23.122 +02:00 [INF] Executed DbCommand (0ms) [Parameters=[], CommandType='"Text"', CommandTimeout='30']
SELECT "a"."AppointmentId", "a"."CaregiverId", "a"."ClientId", "a"."Date", "a"."Location", "u"."UserId", "u"."Adress", "u"."Discriminator", "u"."Email", "u"."ImageUrl", "u"."Name", "u"."Phone", "u"."Role", "u"."CaregiverId", "u"."ClientId", "u0"."UserId", "u0"."Adress", "u0"."Discriminator", "u0"."Email", "u0"."ImageUrl", "u0"."Name", "u0"."Phone", "u0"."Role", "u0"."CaregiverId", "u0"."ClientId"
FROM "Appointments" AS "a"
INNER JOIN "Users" AS "u" ON "a"."ClientId" = "u"."UserId"
INNER JOIN "Users" AS "u0" ON "a"."CaregiverId" = "u0"."UserId"
2025-10-18 15:46:23.123 +02:00 [INF] Executing ViewResult, running view Table.
2025-10-18 15:46:23.125 +02:00 [INF] Executed ViewResult - view Table executed in 2.7487ms.
2025-10-18 15:46:23.125 +02:00 [INF] Executed action app_ointment_backend.Controllers.AppointmentController.Table (app-ointment-backend) in 6.7302ms
2025-10-18 15:46:23.125 +02:00 [INF] Executed endpoint 'app_ointment_backend.Controllers.AppointmentController.Table (app-ointment-backend)'
2025-10-18 15:46:23.125 +02:00 [INF] Request finished HTTP/2 GET https://localhost:7278/Appointment/Table - 200 null text/html; charset=utf-8 7.1775ms
2025-10-18 15:46:25.762 +02:00 [INF] Request starting HTTP/2 GET https://localhost:7278/User/Table - null null
2025-10-18 15:46:25.762 +02:00 [INF] Executing endpoint 'app_ointment_backend.Controllers.UserController.Table (app-ointment-backend)'
2025-10-18 15:46:25.770 +02:00 [INF] Route matched with {action = "Table", controller = "User"}. Executing controller action with signature System.Threading.Tasks.Task`1[Microsoft.AspNetCore.Mvc.IActionResult] Table() on controller app_ointment_backend.Controllers.UserController (app-ointment-backend).
2025-10-18 15:46:25.777 +02:00 [INF] This is an information message
2025-10-18 15:46:25.797 +02:00 [WRN] This is a warning message
2025-10-18 15:46:25.800 +02:00 [ERR] This is an error message
2025-10-18 15:46:25.823 +02:00 [INF] Executed DbCommand (0ms) [Parameters=[], CommandType='"Text"', CommandTimeout='30']
SELECT "u"."UserId", "u"."Adress", "u"."Discriminator", "u"."Email", "u"."ImageUrl", "u"."Name", "u"."Phone", "u"."Role", "u"."CaregiverId", "u"."ClientId"
FROM "Users" AS "u"
2025-10-18 15:46:25.869 +02:00 [INF] Executing ViewResult, running view Table.
2025-10-18 15:46:25.886 +02:00 [INF] Executed ViewResult - view Table executed in 18.0883ms.
2025-10-18 15:46:25.887 +02:00 [INF] Executed action app_ointment_backend.Controllers.UserController.Table (app-ointment-backend) in 116.4452ms
2025-10-18 15:46:25.887 +02:00 [INF] Executed endpoint 'app_ointment_backend.Controllers.UserController.Table (app-ointment-backend)'
2025-10-18 15:46:25.890 +02:00 [INF] Request finished HTTP/2 GET https://localhost:7278/User/Table - 200 null text/html; charset=utf-8 127.2141ms
2025-10-18 15:46:27.099 +02:00 [INF] Request starting HTTP/2 GET https://localhost:7278/User/Create - null null
2025-10-18 15:46:27.100 +02:00 [INF] Executing endpoint 'app_ointment_backend.Controllers.UserController.Create (app-ointment-backend)'
2025-10-18 15:46:27.102 +02:00 [INF] Route matched with {action = "Create", controller = "User"}. Executing controller action with signature Microsoft.AspNetCore.Mvc.IActionResult Create() on controller app_ointment_backend.Controllers.UserController (app-ointment-backend).
2025-10-18 15:46:27.105 +02:00 [INF] Executing ViewResult, running view Create.
2025-10-18 15:46:27.135 +02:00 [INF] Executed ViewResult - view Create executed in 31.2463ms.
2025-10-18 15:46:27.135 +02:00 [INF] Executed action app_ointment_backend.Controllers.UserController.Create (app-ointment-backend) in 33.2956ms
2025-10-18 15:46:27.135 +02:00 [INF] Executed endpoint 'app_ointment_backend.Controllers.UserController.Create (app-ointment-backend)'
2025-10-18 15:46:27.135 +02:00 [INF] Request finished HTTP/2 GET https://localhost:7278/User/Create - 200 null text/html; charset=utf-8 36.9006ms
2025-10-18 15:47:06.562 +02:00 [INF] Request starting HTTP/2 POST https://localhost:7278/User/Create - application/x-www-form-urlencoded 256
2025-10-18 15:47:06.567 +02:00 [INF] Executing endpoint 'app_ointment_backend.Controllers.UserController.Create (app-ointment-backend)'
2025-10-18 15:47:06.585 +02:00 [INF] Route matched with {action = "Create", controller = "User"}. Executing controller action with signature System.Threading.Tasks.Task`1[Microsoft.AspNetCore.Mvc.IActionResult] Create(app_ointment_backend.Models.User) on controller app_ointment_backend.Controllers.UserController (app-ointment-backend).
2025-10-18 15:47:06.639 +02:00 [INF] Executed DbCommand (1ms) [Parameters=[@p0='?' (Size = 5), @p1='?' (Size = 4), @p2='?' (Size = 14), @p3='?', @p4='?' (Size = 5), @p5='?' (Size = 8), @p6='?' (DbType = Int32)], CommandType='"Text"', CommandTimeout='30']
INSERT INTO "Users" ("Adress", "Discriminator", "Email", "ImageUrl", "Name", "Phone", "Role")
VALUES (@p0, @p1, @p2, @p3, @p4, @p5, @p6)
RETURNING "UserId";
2025-10-18 15:47:06.646 +02:00 [INF] Executing RedirectResult, redirecting to /User/Table.
2025-10-18 15:47:06.646 +02:00 [INF] Executed action app_ointment_backend.Controllers.UserController.Create (app-ointment-backend) in 60.4161ms
2025-10-18 15:47:06.646 +02:00 [INF] Executed endpoint 'app_ointment_backend.Controllers.UserController.Create (app-ointment-backend)'
2025-10-18 15:47:06.646 +02:00 [INF] Request finished HTTP/2 POST https://localhost:7278/User/Create - 302 0 null 83.9497ms
2025-10-18 15:47:06.657 +02:00 [INF] Request starting HTTP/2 GET https://localhost:7278/User/Table - null null
2025-10-18 15:47:06.663 +02:00 [INF] Executing endpoint 'app_ointment_backend.Controllers.UserController.Table (app-ointment-backend)'
2025-10-18 15:47:06.667 +02:00 [INF] Route matched with {action = "Table", controller = "User"}. Executing controller action with signature System.Threading.Tasks.Task`1[Microsoft.AspNetCore.Mvc.IActionResult] Table() on controller app_ointment_backend.Controllers.UserController (app-ointment-backend).
2025-10-18 15:47:06.672 +02:00 [INF] This is an information message
2025-10-18 15:47:06.687 +02:00 [WRN] This is a warning message
2025-10-18 15:47:06.699 +02:00 [ERR] This is an error message
2025-10-18 15:47:06.706 +02:00 [INF] Executed DbCommand (0ms) [Parameters=[], CommandType='"Text"', CommandTimeout='30']
SELECT "u"."UserId", "u"."Adress", "u"."Discriminator", "u"."Email", "u"."ImageUrl", "u"."Name", "u"."Phone", "u"."Role", "u"."CaregiverId", "u"."ClientId"
FROM "Users" AS "u"
2025-10-18 15:47:06.708 +02:00 [INF] Executing ViewResult, running view Table.
2025-10-18 15:47:06.714 +02:00 [INF] Executed ViewResult - view Table executed in 6.2189ms.
2025-10-18 15:47:06.714 +02:00 [INF] Executed action app_ointment_backend.Controllers.UserController.Table (app-ointment-backend) in 46.6744ms
2025-10-18 15:47:06.716 +02:00 [INF] Executed endpoint 'app_ointment_backend.Controllers.UserController.Table (app-ointment-backend)'
2025-10-18 15:47:06.720 +02:00 [INF] Request finished HTTP/2 GET https://localhost:7278/User/Table - 200 null text/html; charset=utf-8 62.1904ms
2025-10-18 15:47:59.477 +02:00 [INF] Request starting HTTP/2 GET https://localhost:7278/Appointment/Table - null null
2025-10-18 15:47:59.480 +02:00 [INF] Executing endpoint 'app_ointment_backend.Controllers.AppointmentController.Table (app-ointment-backend)'
2025-10-18 15:47:59.480 +02:00 [INF] Route matched with {action = "Table", controller = "Appointment"}. Executing controller action with signature System.Threading.Tasks.Task`1[Microsoft.AspNetCore.Mvc.IActionResult] Table() on controller app_ointment_backend.Controllers.AppointmentController (app-ointment-backend).
2025-10-18 15:47:59.489 +02:00 [INF] Executed DbCommand (0ms) [Parameters=[], CommandType='"Text"', CommandTimeout='30']
SELECT "a"."AppointmentId", "a"."CaregiverId", "a"."ClientId", "a"."Date", "a"."Location", "u"."UserId", "u"."Adress", "u"."Discriminator", "u"."Email", "u"."ImageUrl", "u"."Name", "u"."Phone", "u"."Role", "u"."CaregiverId", "u"."ClientId", "u0"."UserId", "u0"."Adress", "u0"."Discriminator", "u0"."Email", "u0"."ImageUrl", "u0"."Name", "u0"."Phone", "u0"."Role", "u0"."CaregiverId", "u0"."ClientId"
FROM "Appointments" AS "a"
INNER JOIN "Users" AS "u" ON "a"."ClientId" = "u"."UserId"
INNER JOIN "Users" AS "u0" ON "a"."CaregiverId" = "u0"."UserId"
2025-10-18 15:47:59.491 +02:00 [INF] Executing ViewResult, running view Table.
2025-10-18 15:47:59.494 +02:00 [INF] Executed ViewResult - view Table executed in 3.3282ms.
2025-10-18 15:47:59.494 +02:00 [INF] Executed action app_ointment_backend.Controllers.AppointmentController.Table (app-ointment-backend) in 13.793ms
2025-10-18 15:47:59.494 +02:00 [INF] Executed endpoint 'app_ointment_backend.Controllers.AppointmentController.Table (app-ointment-backend)'
2025-10-18 15:47:59.494 +02:00 [INF] Request finished HTTP/2 GET https://localhost:7278/Appointment/Table - 200 null text/html; charset=utf-8 17.6831ms
